<?xml version="1.0" encoding="UTF-8"?>
<testng-results ignored="0" total="1" passed="0" failed="1" skipped="0">
  <reporter-output>
  </reporter-output>
  <suite started-at="2022-02-16T11:39:38 IST" name="Suite" finished-at="2022-02-16T11:39:41 IST" duration-ms="3338">
    <groups>
    </groups>
    <test started-at="2022-02-16T11:39:38 IST" name="Test" finished-at="2022-02-16T11:39:41 IST" duration-ms="3338">
      <class name="tests.selenium.TC002_CreateIncidentAndGetFromRest">
        <test-method is-config="true" signature="beforeSuite()[pri:0, instance:tests.selenium.TC002_CreateIncidentAndGetFromRest@245b4bdc]" started-at="2022-02-16T11:39:37 IST" name="beforeSuite" finished-at="2022-02-16T11:39:38 IST" duration-ms="599" status="PASS">
          <reporter-output>
          </reporter-output>
        </test-method> <!-- beforeSuite -->
        <test-method is-config="true" signature="setValues()[pri:0, instance:tests.selenium.TC002_CreateIncidentAndGetFromRest@245b4bdc]" started-at="2022-02-16T11:39:38 IST" name="setValues" finished-at="2022-02-16T11:39:38 IST" duration-ms="0" status="PASS">
          <reporter-output>
          </reporter-output>
        </test-method> <!-- setValues -->
        <test-method is-config="true" signature="beforeClass()[pri:0, instance:tests.selenium.TC002_CreateIncidentAndGetFromRest@245b4bdc]" started-at="2022-02-16T11:39:38 IST" name="beforeClass" finished-at="2022-02-16T11:39:38 IST" duration-ms="1" status="PASS">
          <reporter-output>
          </reporter-output>
        </test-method> <!-- beforeClass -->
        <test-method is-config="true" signature="beforeMethod()[pri:0, instance:tests.selenium.TC002_CreateIncidentAndGetFromRest@245b4bdc]" started-at="2022-02-16T11:39:38 IST" name="beforeMethod" finished-at="2022-02-16T11:39:41 IST" duration-ms="2614" status="PASS">
          <reporter-output>
          </reporter-output>
        </test-method> <!-- beforeMethod -->
        <test-method signature="createIncident(java.lang.String, java.lang.String, java.lang.String)[pri:0, instance:tests.selenium.TC002_CreateIncidentAndGetFromRest@245b4bdc]" started-at="2022-02-16T11:39:41 IST" name="createIncident" data-provider="fetchData" finished-at="2022-02-16T11:39:41 IST" duration-ms="49" status="FAIL">
          <params>
            <param index="0">
              <value>
                <![CDATA[incident]]>
              </value>
            </param>
            <param index="1">
              <value>
                <![CDATA[Abel]]>
              </value>
            </param>
            <param index="2">
              <value>
                <![CDATA[Ths is automated test from Makaia data 1]]>
              </value>
            </param>
          </params>
          <exception class="org.openqa.selenium.NoSuchFrameException">
            <message>
              <![CDATA[no such frame
  (Session info: chrome=98.0.4758.82)
Build info: version: '4.0.0-alpha-3', revision: '8c567de6dc'
System info: host: 'AIPL6536LT14331', ip: '192.168.0.4', os.name: 'Windows 10', os.arch: 'amd64', os.version: '10.0', java.version: '15'
Driver info: org.openqa.selenium.chrome.ChromeDriver
Capabilities {acceptInsecureCerts: false, browserName: chrome, browserVersion: 98.0.4758.82, chrome: {chromedriverVersion: 98.0.4758.102 (273bf7ac8c90..., userDataDir: D:\User\MNANDI~1\AppData\Lo...}, goog:chromeOptions: {debuggerAddress: localhost:51647}, javascriptEnabled: true, networkConnectionEnabled: false, pageLoadStrategy: normal, platform: WINDOWS, platformName: WINDOWS, proxy: Proxy(), setWindowRect: true, strictFileInteractability: false, timeouts: {implicit: 0, pageLoad: 300000, script: 30000}, unhandledPromptBehavior: dismiss and notify, webauthn:extension:credBlob: true, webauthn:extension:largeBlob: true, webauthn:virtualAuthenticators: true}
Session ID: 7fa44f09781b0edf2cacb1014f024b40]]>
            </message>
            <full-stacktrace>
              <![CDATA[org.openqa.selenium.NoSuchFrameException: no such frame
  (Session info: chrome=98.0.4758.82)
Build info: version: '4.0.0-alpha-3', revision: '8c567de6dc'
System info: host: 'AIPL6536LT14331', ip: '192.168.0.4', os.name: 'Windows 10', os.arch: 'amd64', os.version: '10.0', java.version: '15'
Driver info: org.openqa.selenium.chrome.ChromeDriver
Capabilities {acceptInsecureCerts: false, browserName: chrome, browserVersion: 98.0.4758.82, chrome: {chromedriverVersion: 98.0.4758.102 (273bf7ac8c90..., userDataDir: D:\User\MNANDI~1\AppData\Lo...}, goog:chromeOptions: {debuggerAddress: localhost:51647}, javascriptEnabled: true, networkConnectionEnabled: false, pageLoadStrategy: normal, platform: WINDOWS, platformName: WINDOWS, proxy: Proxy(), setWindowRect: true, strictFileInteractability: false, timeouts: {implicit: 0, pageLoad: 300000, script: 30000}, unhandledPromptBehavior: dismiss and notify, webauthn:extension:credBlob: true, webauthn:extension:largeBlob: true, webauthn:virtualAuthenticators: true}
Session ID: 7fa44f09781b0edf2cacb1014f024b40
at java.base/jdk.internal.reflect.NativeConstructorAccessorImpl.newInstance0(Native Method)
at java.base/jdk.internal.reflect.NativeConstructorAccessorImpl.newInstance(NativeConstructorAccessorImpl.java:64)
at java.base/jdk.internal.reflect.DelegatingConstructorAccessorImpl.newInstance(DelegatingConstructorAccessorImpl.java:45)
at java.base/java.lang.reflect.Constructor.newInstanceWithCaller(Constructor.java:500)
at java.base/java.lang.reflect.Constructor.newInstance(Constructor.java:481)
at org.openqa.selenium.remote.codec.w3c.W3CHttpResponseCodec.createException(W3CHttpResponseCodec.java:191)
at org.openqa.selenium.remote.codec.w3c.W3CHttpResponseCodec.decode(W3CHttpResponseCodec.java:125)
at org.openqa.selenium.remote.codec.w3c.W3CHttpResponseCodec.decode(W3CHttpResponseCodec.java:52)
at org.openqa.selenium.remote.HttpCommandExecutor.execute(HttpCommandExecutor.java:161)
at org.openqa.selenium.remote.service.DriverCommandExecutor.execute(DriverCommandExecutor.java:83)
at org.openqa.selenium.remote.RemoteWebDriver.execute(RemoteWebDriver.java:576)
at org.openqa.selenium.remote.RemoteWebDriver$RemoteTargetLocator.frame(RemoteWebDriver.java:926)
at org.openqa.selenium.support.events.EventFiringWebDriver$EventFiringTargetLocator.frame(EventFiringWebDriver.java:698)
at pages.selenium.LoginPage.<init>(LoginPage.java:31)
at tests.selenium.TC002_CreateIncidentAndGetFromRest.createIncident(TC002_CreateIncidentAndGetFromRest.java:31)
at java.base/jdk.internal.reflect.NativeMethodAccessorImpl.invoke0(Native Method)
at java.base/jdk.internal.reflect.NativeMethodAccessorImpl.invoke(NativeMethodAccessorImpl.java:64)
at java.base/jdk.internal.reflect.DelegatingMethodAccessorImpl.invoke(DelegatingMethodAccessorImpl.java:43)
at java.base/java.lang.reflect.Method.invoke(Method.java:564)
at org.testng.internal.MethodInvocationHelper.invokeMethod(MethodInvocationHelper.java:134)
at org.testng.internal.TestInvoker.invokeMethod(TestInvoker.java:597)
at org.testng.internal.TestInvoker.invokeTestMethod(TestInvoker.java:173)
at org.testng.internal.MethodRunner.runInSequence(MethodRunner.java:46)
at org.testng.internal.TestInvoker$MethodInvocationAgent.invoke(TestInvoker.java:816)
at org.testng.internal.TestInvoker.invokeTestMethods(TestInvoker.java:146)
at org.testng.internal.TestMethodWorker.invokeTestMethods(TestMethodWorker.java:146)
at org.testng.internal.TestMethodWorker.run(TestMethodWorker.java:128)
at java.base/java.util.ArrayList.forEach(ArrayList.java:1511)
at org.testng.TestRunner.privateRun(TestRunner.java:766)
at org.testng.TestRunner.run(TestRunner.java:587)
at org.testng.SuiteRunner.runTest(SuiteRunner.java:384)
at org.testng.SuiteRunner.runSequentially(SuiteRunner.java:378)
at org.testng.SuiteRunner.privateRun(SuiteRunner.java:337)
at org.testng.SuiteRunner.run(SuiteRunner.java:286)
at org.testng.SuiteRunnerWorker.runSuite(SuiteRunnerWorker.java:53)
at org.testng.SuiteRunnerWorker.run(SuiteRunnerWorker.java:96)
at org.testng.TestNG.runSuitesSequentially(TestNG.java:1187)
at org.testng.TestNG.runSuitesLocally(TestNG.java:1109)
at org.testng.TestNG.runSuites(TestNG.java:1039)
at org.testng.TestNG.run(TestNG.java:1007)
at org.testng.remote.AbstractRemoteTestNG.run(AbstractRemoteTestNG.java:115)
at org.testng.remote.RemoteTestNG.initAndRun(RemoteTestNG.java:251)
at org.testng.remote.RemoteTestNG.main(RemoteTestNG.java:77)
]]>
            </full-stacktrace>
          </exception> <!-- org.openqa.selenium.NoSuchFrameException -->
          <reporter-output>
          </reporter-output>
        </test-method> <!-- createIncident -->
        <test-method is-config="true" signature="afterMethod()[pri:0, instance:tests.selenium.TC002_CreateIncidentAndGetFromRest@245b4bdc]" started-at="2022-02-16T11:39:41 IST" name="afterMethod" finished-at="2022-02-16T11:39:41 IST" duration-ms="342" status="PASS">
          <reporter-output>
          </reporter-output>
        </test-method> <!-- afterMethod -->
        <test-method is-config="true" signature="afterSuite()[pri:0, instance:tests.selenium.TC002_CreateIncidentAndGetFromRest@245b4bdc]" started-at="2022-02-16T11:39:41 IST" name="afterSuite" finished-at="2022-02-16T11:39:41 IST" duration-ms="238" status="PASS">
          <reporter-output>
          </reporter-output>
        </test-method> <!-- afterSuite -->
      </class> <!-- tests.selenium.TC002_CreateIncidentAndGetFromRest -->
    </test> <!-- Test -->
  </suite> <!-- Suite -->
</testng-results>
